<?xml version="1.0" encoding="UTF-8"?>
<testsuite name="edu.ncsu.csc326.coffeemaker.CoffeeMakerTest" tests="15" skipped="0" failures="0" errors="0" timestamp="2021-08-23T17:33:42" hostname="WILL-PC" time="0.025">
  <properties/>
  <testcase name="testAddRecipes" classname="edu.ncsu.csc326.coffeemaker.CoffeeMakerTest" time="0.008"/>
  <testcase name="testMakeCoffeeNegativeRecipe" classname="edu.ncsu.csc326.coffeemaker.CoffeeMakerTest" time="0.0"/>
  <testcase name="testMakeCoffeeLessMoney" classname="edu.ncsu.csc326.coffeemaker.CoffeeMakerTest" time="0.001"/>
  <testcase name="testDeleteOutOfIndexRecipe" classname="edu.ncsu.csc326.coffeemaker.CoffeeMakerTest" time="0.0"/>
  <testcase name="testMakeCoffeeOutOfIndexRecipe" classname="edu.ncsu.csc326.coffeemaker.CoffeeMakerTest" time="0.0"/>
  <testcase name="testCheckInventory" classname="edu.ncsu.csc326.coffeemaker.CoffeeMakerTest" time="0.001"/>
  <testcase name="testAddInventory" classname="edu.ncsu.csc326.coffeemaker.CoffeeMakerTest" time="0.0"/>
  <testcase name="testMakeCoffeeInvalidPayment" classname="edu.ncsu.csc326.coffeemaker.CoffeeMakerTest" time="0.0"/>
  <testcase name="testMakeCoffee" classname="edu.ncsu.csc326.coffeemaker.CoffeeMakerTest" time="0.0"/>
  <testcase name="testAddInventoryException" classname="edu.ncsu.csc326.coffeemaker.CoffeeMakerTest" time="0.001"/>
  <testcase name="testEditOutOfIndexRecipe" classname="edu.ncsu.csc326.coffeemaker.CoffeeMakerTest" time="0.001"/>
  <testcase name="testAddMoreThan3Recipes" classname="edu.ncsu.csc326.coffeemaker.CoffeeMakerTest" time="0.001"/>
  <testcase name="testDeleteNegativeRecipe" classname="edu.ncsu.csc326.coffeemaker.CoffeeMakerTest" time="0.0"/>
  <testcase name="testEditNegativeRecipe" classname="edu.ncsu.csc326.coffeemaker.CoffeeMakerTest" time="0.0"/>
  <testcase name="testEditRecipe" classname="edu.ncsu.csc326.coffeemaker.CoffeeMakerTest" time="0.0"/>
  <system-out><![CDATA[]]></system-out>
  <system-err><![CDATA[]]></system-err>
</testsuite>
